Heap:
 garbage-first heap   total 10240K, used 2896K [0x00000000c1c00000, 0x0000000100000000)
  region size 1024K, 1 young (1024K), 1 survivors (1024K)
 Metaspace       used 7380K, capacity 10727K, committed 11008K, reserved 1058816K
  class space    used 889K, capacity 1221K, committed 1280K, reserved 1048576K
GC Heap History (9 events):
Event: 0.527 GC heap before
{Heap before GC invocations=0 (full 0):
 garbage-first heap   total 8192K, used 3072K [0x00000000c1c00000, 0x0000000100000000)
  region size 1024K, 3 young (3072K), 0 survivors (0K)
 Metaspace       used 2573K, capacity 6463K, committed 6656K, reserved 1056768K
  class space    used 306K, capacity 670K, committed 768K, reserved 1048576K
}
Event: 0.530 GC heap after
{Heap after GC invocations=1 (full 0):
 garbage-first heap   total 8192K, used 1391K [0x00000000c1c00000, 0x0000000100000000)
  region size 1024K, 1 young (1024K), 1 survivors (1024K)
 Metaspace       used 2573K, capacity 6463K, committed 6656K, reserved 1056768K
  class space    used 306K, capacity 670K, committed 768K, reserved 1048576K
}
Event: 0.644 GC heap before
{Heap before GC invocations=1 (full 0):
 garbage-first heap   total 8192K, used 1391K [0x00000000c1c00000, 0x0000000100000000)
  region size 1024K, 2 young (2048K), 1 survivors (1024K)
 Metaspace       used 4767K, capacity 8573K, committed 8704K, reserved 1056768K
  class space    used 596K, capacity 969K, committed 1024K, reserved 1048576K
}
Event: 0.646 GC heap after
{Heap after GC invocations=2 (full 0):
 garbage-first heap   total 8192K, used 1796K [0x00000000c1c00000, 0x0000000100000000)
  region size 1024K, 1 young (1024K), 1 survivors (1024K)
 Metaspace       used 4767K, capacity 8573K, committed 8704K, reserved 1056768K
  class space    used 596K, capacity 969K, committed 1024K, reserved 1048576K
}
Event: 0.717 GC heap before
{Heap before GC invocations=2 (full 0):
 garbage-first heap   total 8192K, used 2820K [0x00000000c1c00000, 0x0000000100000000)
  region size 1024K, 2 young (2048K), 1 survivors (1024K)
 Metaspace       used 5751K, capacity 9388K, committed 9600K, reserved 1058816K
  class space    used 728K, capacity 1094K, committed 1152K, reserved 1048576K
}
Event: 0.719 GC heap after
{Heap after GC invocations=3 (full 0):
 garbage-first heap   total 8192K, used 2152K [0x00000000c1c00000, 0x0000000100000000)
  region size 1024K, 1 young (1024K), 1 survivors (1024K)
 Metaspace       used 5751K, capacity 9388K, committed 9600K, reserved 1058816K
  class space    used 728K, capacity 1094K, committed 1152K, reserved 1048576K
}
Event: 0.861 GC heap before
{Heap before GC invocations=3 (full 0):
 garbage-first heap   total 8192K, used 3176K [0x00000000c1c00000, 0x0000000100000000)
  region size 1024K, 2 young (2048K), 1 survivors (1024K)
 Metaspace       used 7162K, capacity 10640K, committed 10752K, reserved 1058816K
  class space    used 866K, capacity 1213K, committed 1280K, reserved 1048576K
}
Event: 0.864 GC heap after
{Heap after GC invocations=4 (full 0):
 garbage-first heap   total 8192K, used 2438K [0x00000000c1c00000, 0x0000000100000000)
  region size 1024K, 1 young (1024K), 1 survivors (1024K)
 Metaspace       used 7162K, capacity 10640K, committed 10752K, reserved 1058816K
  class space    used 866K, capacity 1213K, committed 1280K, reserved 1048576K
}
Event: 0.935 GC heap before
{Heap before GC invocations=4 (full 0):
 garbage-first heap   total 8192K, used 3462K [0x00000000c1c00000, 0x0000000100000000)
  region size 1024K, 2 young (2048K), 1 survivors (1024K)
 Metaspace       used 7380K, capacity 10727K, committed 11008K, reserved 1058816K
  class space    used 889K, capacity 1221K, committed 1280K, reserved 1048576K
}

